Experiment: am/converse_fin
Job ID: 55975651
Task ID: 
Host: csl41.int.triton.aalto.fi
Start date: Wed Oct  7 13:52:52 EEST 2020
Work directory: /scratch/work/moisioa3/keskustelu2020/experiments/am/converse_fin
Temporary directory: /tmp/55975651

Currently Loaded Modules:
  1) GCCcore/6.4.0
  2) binutils/2.28-GCCcore-6.4.0
  3) GCC/6.4.0-2.28
  4) openfst/1.6.6-GCC-6.4.0
  5) OpenBLAS/0.2.20-GCC-6.4.0-2.28
  6) CUDA/9.0.176
  7) CUB/1.8.0
  8) sctk/2.4.10
  9) sph2pipe/2.5
 10) kaldi-2020/5968b4c-GCC-6.4.0-2.28-OPENBLAS

 

tree-info exp/tri3b/tree 
tree-info exp/tri3b/tree 
make-h-transducer --disambig-syms-out=exp/tri3b/graph_word_trainvocab_nosp/disambig_tid.int --transition-scale=1.0 data/lang_test_word_nosp/tmp/ilabels_3_1 exp/tri3b/tree exp/tri3b/final.mdl 
fstminimizeencoded 
fstrmsymbols exp/tri3b/graph_word_trainvocab_nosp/disambig_tid.int 
fstdeterminizestar --use-log=true 
fstrmepslocal 
fsttablecompose exp/tri3b/graph_word_trainvocab_nosp/Ha.fst data/lang_test_word_nosp/tmp/CLG_3_1.fst 
fstisstochastic exp/tri3b/graph_word_trainvocab_nosp/HCLGa.fst 
0.352891 -0.0440672
HCLGa is not stochastic
add-self-loops --self-loop-scale=0.1 --reorder=true exp/tri3b/final.mdl exp/tri3b/graph_word_trainvocab_nosp/HCLGa.fst 
