Experiment: am/converse_fin
Job ID: 55973934
Task ID: 
Host: ivb42.int.triton.aalto.fi
Start date: Wed Oct  7 12:38:32 EEST 2020
Work directory: /scratch/work/moisioa3/keskustelu2020/experiments/am/converse_fin
Temporary directory: /tmp/55973934

Currently Loaded Modules:
  1) GCCcore/6.4.0
  2) binutils/2.28-GCCcore-6.4.0
  3) GCC/6.4.0-2.28
  4) openfst/1.6.6-GCC-6.4.0
  5) OpenBLAS/0.2.20-GCC-6.4.0-2.28
  6) CUDA/9.0.176
  7) CUB/1.8.0
  8) sctk/2.4.10
  9) sph2pipe/2.5
 10) kaldi-2020/5968b4c-GCC-6.4.0-2.28-OPENBLAS

 

tree-info exp/tri3b/tree 
tree-info exp/tri3b/tree 
fstdeterminizestar --use-log=true 
fstpushspecial 
fstminimizeencoded 
fsttablecompose data/lang_test_word_nosp/L_disambig.fst data/lang_test_word_nosp/G.fst 
fstisstochastic data/lang_test_word_nosp/tmp/LG.fst 
-0.013892 -0.0147859
[info]: LG not stochastic.
fstcomposecontext --context-size=3 --central-position=1 --read-disambig-syms=data/lang_test_word_nosp/phones/disambig.int --write-disambig-syms=data/lang_test_word_nosp/tmp/disambig_ilabels_3_1.int data/lang_test_word_nosp/tmp/ilabels_3_1.28210 data/lang_test_word_nosp/tmp/LG.fst 
fstisstochastic data/lang_test_word_nosp/tmp/CLG_3_1.fst 
0 -0.0147859
[info]: CLG not stochastic.
make-h-transducer --disambig-syms-out=exp/tri3b/graph_word_trainvocab_nosp/disambig_tid.int --transition-scale=1.0 data/lang_test_word_nosp/tmp/ilabels_3_1 exp/tri3b/tree exp/tri3b/final.mdl 
fstminimizeencoded 
fstdeterminizestar --use-log=true 
fsttablecompose exp/tri3b/graph_word_trainvocab_nosp/Ha.fst data/lang_test_word_nosp/tmp/CLG_3_1.fst 
fstrmsymbols exp/tri3b/graph_word_trainvocab_nosp/disambig_tid.int 
fstrmepslocal 
fstisstochastic exp/tri3b/graph_word_trainvocab_nosp/HCLGa.fst 
0.352891 -0.0440672
HCLGa is not stochastic
add-self-loops --self-loop-scale=1.0 --reorder=true exp/tri3b/final.mdl exp/tri3b/graph_word_trainvocab_nosp/HCLGa.fst 
fstisstochastic exp/tri3b/graph_word_trainvocab_nosp/HCLG.fst 
0.0809728 -0.0439453
[info]: final HCLG is not stochastic.
