Experiment: kaldi-am-word/converse_fin
Job ID: 55969467
Task ID: 
Host: csl47.int.triton.aalto.fi
Start date: Wed Oct  7 10:35:42 EEST 2020
Work directory: /scratch/work/moisioa3/keskustelu2020/experiments/kaldi-am-word/converse_fin
Temporary directory: /tmp/55969467

Currently Loaded Modules:
  1) GCCcore/6.4.0
  2) binutils/2.28-GCCcore-6.4.0
  3) GCC/6.4.0-2.28
  4) openfst/1.6.6-GCC-6.4.0
  5) OpenBLAS/0.2.20-GCC-6.4.0-2.28
  6) CUDA/9.0.176
  7) CUB/1.8.0
  8) sctk/2.4.10
  9) sph2pipe/2.5
 10) kaldi-2020/5968b4c-GCC-6.4.0-2.28-OPENBLAS

 

Kaldi version:
commit 5968b4cc03f9deccfd566962d3bba96bad8ce522
Author: Yiming Wang <freewym@gmail.com>
Date:   Mon Apr 20 00:28:13 2020 -0400

    [egs] fix missing prefix in spk-id while doing data aug for wake word (#4045)

utils/prepare_lang.sh data/local/dict_train_nosp [oov] data/local/lang_tmp_nosp data/lang_nosp
Checking data/local/dict_train_nosp/silence_phones.txt ...
--> reading data/local/dict_train_nosp/silence_phones.txt
--> text seems to be UTF-8 or ASCII, checking whitespaces
--> text contains only allowed whitespaces
--> data/local/dict_train_nosp/silence_phones.txt is OK

Checking data/local/dict_train_nosp/optional_silence.txt ...
--> reading data/local/dict_train_nosp/optional_silence.txt
--> text seems to be UTF-8 or ASCII, checking whitespaces
--> text contains only allowed whitespaces
--> data/local/dict_train_nosp/optional_silence.txt is OK

Checking data/local/dict_train_nosp/nonsilence_phones.txt ...
--> reading data/local/dict_train_nosp/nonsilence_phones.txt
--> text seems to be UTF-8 or ASCII, checking whitespaces
--> text contains only allowed whitespaces
--> data/local/dict_train_nosp/nonsilence_phones.txt is OK

Checking disjoint: silence_phones.txt, nonsilence_phones.txt
--> disjoint property is OK.

Checking data/local/dict_train_nosp/lexicon.txt
--> reading data/local/dict_train_nosp/lexicon.txt
--> text seems to be UTF-8 or ASCII, checking whitespaces
--> text contains only allowed whitespaces
--> data/local/dict_train_nosp/lexicon.txt is OK

Checking data/local/dict_train_nosp/lexiconp.txt
--> reading data/local/dict_train_nosp/lexiconp.txt
--> text seems to be UTF-8 or ASCII, checking whitespaces
--> text contains only allowed whitespaces
--> data/local/dict_train_nosp/lexiconp.txt is OK

Checking lexicon pair data/local/dict_train_nosp/lexicon.txt and data/local/dict_train_nosp/lexiconp.txt
--> lexicon pair data/local/dict_train_nosp/lexicon.txt and data/local/dict_train_nosp/lexiconp.txt match

Checking data/local/dict_train_nosp/extra_questions.txt ...
--> reading data/local/dict_train_nosp/extra_questions.txt
--> text seems to be UTF-8 or ASCII, checking whitespaces
--> text contains only allowed whitespaces
--> data/local/dict_train_nosp/extra_questions.txt is OK
--> SUCCESS [validating dictionary directory data/local/dict_train_nosp]

fstaddselfloops data/lang_nosp/phones/wdisambig_phones.int data/lang_nosp/phones/wdisambig_words.int 
prepare_lang.sh: validating output directory
utils/validate_lang.pl data/lang_nosp
Checking existence of separator file
separator file data/lang_nosp/subword_separator.txt is empty or does not exist, deal in word case.
Checking data/lang_nosp/phones.txt ...
--> text seems to be UTF-8 or ASCII, checking whitespaces
--> text contains only allowed whitespaces
--> data/lang_nosp/phones.txt is OK

Checking words.txt: #0 ...
--> text seems to be UTF-8 or ASCII, checking whitespaces
--> text contains only allowed whitespaces
--> data/lang_nosp/words.txt is OK

Checking disjoint: silence.txt, nonsilence.txt, disambig.txt ...
--> silence.txt and nonsilence.txt are disjoint
--> silence.txt and disambig.txt are disjoint
--> disambig.txt and nonsilence.txt are disjoint
--> disjoint property is OK

Checking sumation: silence.txt, nonsilence.txt, disambig.txt ...
--> found no unexplainable phones in phones.txt

Checking data/lang_nosp/phones/context_indep.{txt, int, csl} ...
--> text seems to be UTF-8 or ASCII, checking whitespaces
--> text contains only allowed whitespaces
--> 15 entry/entries in data/lang_nosp/phones/context_indep.txt
--> data/lang_nosp/phones/context_indep.int corresponds to data/lang_nosp/phones/context_indep.txt
--> data/lang_nosp/phones/context_indep.csl corresponds to data/lang_nosp/phones/context_indep.txt
--> data/lang_nosp/phones/context_indep.{txt, int, csl} are OK

Checking data/lang_nosp/phones/nonsilence.{txt, int, csl} ...
--> text seems to be UTF-8 or ASCII, checking whitespaces
--> text contains only allowed whitespaces
--> 92 entry/entries in data/lang_nosp/phones/nonsilence.txt
--> data/lang_nosp/phones/nonsilence.int corresponds to data/lang_nosp/phones/nonsilence.txt
--> data/lang_nosp/phones/nonsilence.csl corresponds to data/lang_nosp/phones/nonsilence.txt
--> data/lang_nosp/phones/nonsilence.{txt, int, csl} are OK

Checking data/lang_nosp/phones/silence.{txt, int, csl} ...
--> text seems to be UTF-8 or ASCII, checking whitespaces
--> text contains only allowed whitespaces
--> 15 entry/entries in data/lang_nosp/phones/silence.txt
--> data/lang_nosp/phones/silence.int corresponds to data/lang_nosp/phones/silence.txt
--> data/lang_nosp/phones/silence.csl corresponds to data/lang_nosp/phones/silence.txt
--> data/lang_nosp/phones/silence.{txt, int, csl} are OK

Checking data/lang_nosp/phones/optional_silence.{txt, int, csl} ...
--> text seems to be UTF-8 or ASCII, checking whitespaces
--> text contains only allowed whitespaces
--> 1 entry/entries in data/lang_nosp/phones/optional_silence.txt
--> data/lang_nosp/phones/optional_silence.int corresponds to data/lang_nosp/phones/optional_silence.txt
--> data/lang_nosp/phones/optional_silence.csl corresponds to data/lang_nosp/phones/optional_silence.txt
--> data/lang_nosp/phones/optional_silence.{txt, int, csl} are OK

Checking data/lang_nosp/phones/disambig.{txt, int, csl} ...
--> text seems to be UTF-8 or ASCII, checking whitespaces
--> text contains only allowed whitespaces
--> 4 entry/entries in data/lang_nosp/phones/disambig.txt
--> data/lang_nosp/phones/disambig.int corresponds to data/lang_nosp/phones/disambig.txt
--> data/lang_nosp/phones/disambig.csl corresponds to data/lang_nosp/phones/disambig.txt
--> data/lang_nosp/phones/disambig.{txt, int, csl} are OK

Checking data/lang_nosp/phones/roots.{txt, int} ...
--> text seems to be UTF-8 or ASCII, checking whitespaces
--> text contains only allowed whitespaces
--> 26 entry/entries in data/lang_nosp/phones/roots.txt
--> data/lang_nosp/phones/roots.int corresponds to data/lang_nosp/phones/roots.txt
--> data/lang_nosp/phones/roots.{txt, int} are OK

Checking data/lang_nosp/phones/sets.{txt, int} ...
--> text seems to be UTF-8 or ASCII, checking whitespaces
--> text contains only allowed whitespaces
--> 26 entry/entries in data/lang_nosp/phones/sets.txt
--> data/lang_nosp/phones/sets.int corresponds to data/lang_nosp/phones/sets.txt
--> data/lang_nosp/phones/sets.{txt, int} are OK

Checking data/lang_nosp/phones/extra_questions.{txt, int} ...
--> text seems to be UTF-8 or ASCII, checking whitespaces
--> text contains only allowed whitespaces
--> 11 entry/entries in data/lang_nosp/phones/extra_questions.txt
--> data/lang_nosp/phones/extra_questions.int corresponds to data/lang_nosp/phones/extra_questions.txt
--> data/lang_nosp/phones/extra_questions.{txt, int} are OK

Checking data/lang_nosp/phones/word_boundary.{txt, int} ...
--> text seems to be UTF-8 or ASCII, checking whitespaces
--> text contains only allowed whitespaces
--> 107 entry/entries in data/lang_nosp/phones/word_boundary.txt
--> data/lang_nosp/phones/word_boundary.int corresponds to data/lang_nosp/phones/word_boundary.txt
--> data/lang_nosp/phones/word_boundary.{txt, int} are OK

Checking optional_silence.txt ...
--> reading data/lang_nosp/phones/optional_silence.txt
--> data/lang_nosp/phones/optional_silence.txt is OK

Checking disambiguation symbols: #0 and #1
--> data/lang_nosp/phones/disambig.txt has "#0" and "#1"
--> data/lang_nosp/phones/disambig.txt is OK

Checking topo ...

Checking word_boundary.txt: silence.txt, nonsilence.txt, disambig.txt ...
--> data/lang_nosp/phones/word_boundary.txt doesn't include disambiguation symbols
--> data/lang_nosp/phones/word_boundary.txt is the union of nonsilence.txt and silence.txt
--> data/lang_nosp/phones/word_boundary.txt is OK

Checking word-level disambiguation symbols...
--> data/lang_nosp/phones/wdisambig.txt exists (newer prepare_lang.sh)
Checking word_boundary.int and disambig.int
--> generating a 40 word/subword sequence
--> resulting phone sequence from L.fst corresponds to the word sequence
--> L.fst is OK
--> generating a 91 word/subword sequence
--> resulting phone sequence from L_disambig.fst corresponds to the word sequence
--> L_disambig.fst is OK

Checking data/lang_nosp/oov.{txt, int} ...
--> text seems to be UTF-8 or ASCII, checking whitespaces
--> text contains only allowed whitespaces
--> 1 entry/entries in data/lang_nosp/oov.txt
--> data/lang_nosp/oov.int corresponds to data/lang_nosp/oov.txt
--> data/lang_nosp/oov.{txt, int} are OK

--> data/lang_nosp/L.fst is olabel sorted
--> data/lang_nosp/L_disambig.fst is olabel sorted
--> SUCCESS [validating lang directory data/lang_nosp]
