Experiment: am/converse_fin
Job ID: 55992874
Task ID: 
Host: csl43.int.triton.aalto.fi
Start date: Thu Oct  8 13:04:46 EEST 2020
Work directory: /scratch/work/moisioa3/keskustelu2020/experiments/am/converse_fin
Temporary directory: /tmp/55992874

Currently Loaded Modules:
  1) GCCcore/6.4.0
  2) binutils/2.28-GCCcore-6.4.0
  3) GCC/6.4.0-2.28
  4) openfst/1.6.6-GCC-6.4.0
  5) OpenBLAS/0.2.20-GCC-6.4.0-2.28
  6) CUDA/9.0.176
  7) CUB/1.8.0
  8) sctk/2.4.10
  9) sph2pipe/2.5
 10) kaldi-2020/5968b4c-GCC-6.4.0-2.28-OPENBLAS

 

data/lang_test_word_fullvocab_nosp
/var/spool/slurmd/job55992874/slurm_script: line 31: local: can only be used in a function
