Experiment: am/converse_fin
Job ID: 55991274
Task ID: 
Host: csl18.int.triton.aalto.fi
Start date: Thu Oct  8 12:22:59 EEST 2020
Work directory: /scratch/work/moisioa3/keskustelu2020/experiments/am/converse_fin
Temporary directory: /tmp/55991274

Currently Loaded Modules:
  1) GCCcore/6.4.0
  2) binutils/2.28-GCCcore-6.4.0
  3) GCC/6.4.0-2.28
  4) openfst/1.6.6-GCC-6.4.0
  5) OpenBLAS/0.2.20-GCC-6.4.0-2.28
  6) CUDA/9.0.176
  7) CUB/1.8.0
  8) sctk/2.4.10
  9) sph2pipe/2.5
 10) kaldi-2020/5968b4c-GCC-6.4.0-2.28-OPENBLAS

 

utils/prepare_lang.sh data/local/dict_fullvocab_nosp [oov] data/local/lang_tmp_fv_nosp data/lang_test_word_fullvocab_nosp
Checking data/local/dict_fullvocab_nosp/silence_phones.txt ...
--> reading data/local/dict_fullvocab_nosp/silence_phones.txt
--> text seems to be UTF-8 or ASCII, checking whitespaces
--> text contains only allowed whitespaces
--> data/local/dict_fullvocab_nosp/silence_phones.txt is OK

Checking data/local/dict_fullvocab_nosp/optional_silence.txt ...
--> reading data/local/dict_fullvocab_nosp/optional_silence.txt
--> text seems to be UTF-8 or ASCII, checking whitespaces
--> text contains only allowed whitespaces
--> data/local/dict_fullvocab_nosp/optional_silence.txt is OK

Checking data/local/dict_fullvocab_nosp/nonsilence_phones.txt ...
--> reading data/local/dict_fullvocab_nosp/nonsilence_phones.txt
--> text seems to be UTF-8 or ASCII, checking whitespaces
--> text contains only allowed whitespaces
--> data/local/dict_fullvocab_nosp/nonsilence_phones.txt is OK

Checking disjoint: silence_phones.txt, nonsilence_phones.txt
--> disjoint property is OK.

Checking data/local/dict_fullvocab_nosp/lexicon.txt
--> reading data/local/dict_fullvocab_nosp/lexicon.txt
--> text seems to be UTF-8 or ASCII, checking whitespaces
--> text contains only allowed whitespaces
--> data/local/dict_fullvocab_nosp/lexicon.txt is OK

Checking data/local/dict_fullvocab_nosp/extra_questions.txt ...
--> reading data/local/dict_fullvocab_nosp/extra_questions.txt
--> text seems to be UTF-8 or ASCII, checking whitespaces
--> text contains only allowed whitespaces
--> data/local/dict_fullvocab_nosp/extra_questions.txt is OK
--> SUCCESS [validating dictionary directory data/local/dict_fullvocab_nosp]

**Creating data/local/dict_fullvocab_nosp/lexiconp.txt from data/local/dict_fullvocab_nosp/lexicon.txt
slurmstepd: error: *** JOB 55991274 ON csl18 CANCELLED AT 2020-10-08T12:24:12 ***
