Experiment: /
Job ID: 57333229
Task ID: 
Host: csl48.int.triton.aalto.fi
Start date: Sun Dec 13 18:01:05 EET 2020
Work directory: 
Temporary directory: /tmp/57333229

Currently Loaded Modules:
  1) GCCcore/6.4.0
  2) binutils/2.28-GCCcore-6.4.0
  3) GCC/6.4.0-2.28
  4) openfst/1.6.6-GCC-6.4.0
  5) OpenBLAS/0.2.20-GCC-6.4.0-2.28
  6) CUDA/9.0.176
  7) CUB/1.8.0
  8) sph2pipe/2.5
  9) kaldi-2020/5968b4c-GCC-6.4.0-2.28-OPENBLAS
 10) anaconda3/latest
 11) speech-scripts/2016.05.24-b928230
 12) srilm/default
 13) sctk/2.4.10

 

/var/spool/slurmd/job57333229/slurm_script: line 82: [: too many arguments
