Experiment: am/converse_fin
Job ID: 56899095
Task ID: 
Host: csl48.int.triton.aalto.fi
Start date: Tue Nov 24 16:30:47 EET 2020
Work directory: /scratch/work/moisioa3/conv_lm/experiments/am/converse_fin
Temporary directory: /tmp/56899095

Currently Loaded Modules:
  1) GCCcore/6.4.0
  2) binutils/2.28-GCCcore-6.4.0
  3) GCC/6.4.0-2.28
  4) openfst/1.6.6-GCC-6.4.0
  5) OpenBLAS/0.2.20-GCC-6.4.0-2.28
  6) CUDA/9.0.176
  7) CUB/1.8.0
  8) sph2pipe/2.5
  9) kaldi-2020/5968b4c-GCC-6.4.0-2.28-OPENBLAS
 10) anaconda3/latest
 11) speech-scripts/2016.05.24-b928230
 12) srilm/default
 13) sctk/2.4.10

 

eval exp/chain/tdnn7q_sp_vcivecs_lda100
local/convert_slf_parallel.sh --cmd utils/slurm.pl --mem 16G --time 1:00:00 data/eval data/lang_test_word_fullvocab exp/chain/tdnn7q_sp_vcivecs_lda100/decode_eval_word_fullvocab
local/convert_slf_parallel.sh: Converting lattices into 'exp/chain/tdnn7q_sp_vcivecs_lda100/decode_eval_word_fullvocab/lats-in-htk-slf'
segments 541, saved-lattices 541
success, converted lats to HTK : exp/chain/tdnn7q_sp_vcivecs_lda100/decode_eval_word_fullvocab/lats-in-htk-slf/lat_htk.scp
Wrote exp/chain/tdnn7q_sp_vcivecs_lda100/lattices_eval_word_fullvocab/lattice-list.
+ lattice-tool -order 4 -in-lattice-list exp/chain/tdnn7q_sp_vcivecs_lda100/lattices_eval_word_fullvocab/lattice-list -read-htk -viterbi-decode -write-refs - -debug 0 -htk-lmscale 8 -lm /scratch/work/moisioa3/conv_lm/experiments/4gram/ip/kn-ip-dsp-web.arpa.gz
processing file exp/chain/tdnn7q_sp_vcivecs_lda100/lattices_eval_word_fullvocab/8/radioruudolf_aamushow20100713_30.lat.gz
processing file exp/chain/tdnn7q_sp_vcivecs_lda100/lattices_eval_word_fullvocab/8/radioruudolf_aamushow20100713_89.lat.gz
processing file exp/chain/tdnn7q_sp_vcivecs_lda100/lattices_eval_word_fullvocab/8/radioruudolf_aamushow20120720_72.lat.gz
processing file exp/chain/tdnn7q_sp_vcivecs_lda100/lattices_eval_word_fullvocab/8/radioruudolf_aamushow20120720_27.lat.gz
processing file exp/chain/tdnn7q_sp_vcivecs_lda100/lattices_eval_word_fullvocab/8/radioruudolf_aamushow20100713_55.lat.gz
processing file exp/chain/tdnn7q_sp_vcivecs_lda100/lattices_eval_word_fullvocab/8/radioruudolf_aamushow20100713_42.lat.gz
processing file exp/chain/tdnn7q_sp_vcivecs_lda100/lattices_eval_word_fullvocab/8/radioruudolf_aamushow20100713_33.lat.gz
processing file exp/chain/tdnn7q_sp_vcivecs_lda100/lattices_eval_word_fullvocab/8/radioruudolf_aamushow20120720_22.lat.gz
processing file exp/chain/tdnn7q_sp_vcivecs_lda100/lattices_eval_word_fullvocab/8/radioruudolf_aamushow20120720_77.lat.gz
processing file exp/chain/tdnn7q_sp_vcivecs_lda100/lattices_eval_word_fullvocab/8/radioruudolf_aamushow20100713_12.lat.gz
processing file exp/chain/tdnn7q_sp_vcivecs_lda100/lattices_eval_word_fullvocab/8/radioruudolf_aamushow20100713_43.lat.gz
processing file exp/chain/tdnn7q_sp_vcivecs_lda100/lattices_eval_word_fullvocab/8/radioruudolf_aamushow20100713_72.lat.gz
processing file exp/chain/tdnn7q_sp_vcivecs_lda100/lattices_eval_word_fullvocab/8/radioruudolf_aamushow20100713_51.lat.gz
processing file exp/chain/tdnn7q_sp_vcivecs_lda100/lattices_eval_word_fullvocab/8/radioruudolf_aamushow20100713_44.lat.gz
processing file exp/chain/tdnn7q_sp_vcivecs_lda100/lattices_eval_word_fullvocab/8/radioruudolf_aamushow20120720_78.lat.gz
processing file exp/chain/tdnn7q_sp_vcivecs_lda100/lattices_eval_word_fullvocab/8/radioruudolf_aamushow20100713_23.lat.gz
processing file exp/chain/tdnn7q_sp_vcivecs_lda100/lattices_eval_word_fullvocab/8/radioruudolf_aamushow20100713_90.lat.gz
processing file exp/chain/tdnn7q_sp_vcivecs_lda100/lattices_eval_word_fullvocab/8/radioruudolf_aamushow20120720_89.lat.gz
processing file exp/chain/tdnn7q_sp_vcivecs_lda100/lattices_eval_word_fullvocab/8/radioruudolf_aamushow20120720_25.lat.gz
processing file exp/chain/tdnn7q_sp_vcivecs_lda100/lattices_eval_word_fullvocab/8/radioruudolf_aamushow20100713_60.lat.gz
processing file exp/chain/tdnn7q_sp_vcivecs_lda100/lattices_eval_word_fullvocab/8/radioruudolf_aamushow20120720_26.lat.gz
processing file exp/chain/tdnn7q_sp_vcivecs_lda100/lattices_eval_word_fullvocab/8/radioruudolf_aamushow20120720_2.lat.gz
processing file exp/chain/tdnn7q_sp_vcivecs_lda100/lattices_eval_word_fullvocab/8/radioruudolf_aamushow20100713_17.lat.gz
processing file exp/chain/tdnn7q_sp_vcivecs_lda100/lattices_eval_word_fullvocab/8/radioruudolf_aamushow20120720_95.lat.gz
processing file exp/chain/tdnn7q_sp_vcivecs_lda100/lattices_eval_word_fullvocab/8/radioruudolf_aamushow20100713_41.lat.gz
processing file exp/chain/tdnn7q_sp_vcivecs_lda100/lattices_eval_word_fullvocab/8/radioruudolf_aamushow20120720_49.lat.gz
processing file exp/chain/tdnn7q_sp_vcivecs_lda100/lattices_eval_word_fullvocab/8/radioruudolf_aamushow20100713_69.lat.gz
processing file exp/chain/tdnn7q_sp_vcivecs_lda100/lattices_eval_word_fullvocab/8/radioruudolf_aamushow20120720_1.lat.gz
processing file exp/chain/tdnn7q_sp_vcivecs_lda100/lattices_eval_word_fullvocab/8/radioruudolf_aamushow20100713_8.lat.gz
processing file exp/chain/tdnn7q_sp_vcivecs_lda100/lattices_eval_word_fullvocab/8/radioruudolf_aamushow20100713_35.lat.gz
processing file exp/chain/tdnn7q_sp_vcivecs_lda100/lattices_eval_word_fullvocab/8/radioruudolf_aamushow20120720_111.lat.gz
processing file exp/chain/tdnn7q_sp_vcivecs_lda100/lattices_eval_word_fullvocab/8/radioruudolf_aamushow20120720_68.lat.gz
processing file exp/chain/tdnn7q_sp_vcivecs_lda100/lattices_eval_word_fullvocab/8/radioruudolf_aamushow20100713_91.lat.gz
processing file exp/chain/tdnn7q_sp_vcivecs_lda100/lattices_eval_word_fullvocab/8/radioruudolf_aamushow20100713_53.lat.gz
processing file exp/chain/tdnn7q_sp_vcivecs_lda100/lattices_eval_word_fullvocab/8/radioruudolf_aamushow20120720_23.lat.gz
processing file exp/chain/tdnn7q_sp_vcivecs_lda100/lattices_eval_word_fullvocab/8/radioruudolf_aamushow20100713_48.lat.gz
processing file exp/chain/tdnn7q_sp_vcivecs_lda100/lattices_eval_word_fullvocab/8/radioruudolf_aamushow20100713_77.lat.gz
processing file exp/chain/tdnn7q_sp_vcivecs_lda100/lattices_eval_word_fullvocab/8/radioruudolf_aamushow20120720_76.lat.gz
processing file exp/chain/tdnn7q_sp_vcivecs_lda100/lattices_eval_word_fullvocab/8/radioruudolf_aamushow20100713_52.lat.gz
processing file exp/chain/tdnn7q_sp_vcivecs_lda100/lattices_eval_word_fullvocab/8/radioruudolf_aamushow20120720_94.lat.gz
processing file exp/chain/tdnn7q_sp_vcivecs_lda100/lattices_eval_word_fullvocab/8/radioruudolf_aamushow20100713_87.lat.gz
processing file exp/chain/tdnn7q_sp_vcivecs_lda100/lattices_eval_word_fullvocab/8/radioruudolf_aamushow20100713_67.lat.gz
processing file exp/chain/tdnn7q_sp_vcivecs_lda100/lattices_eval_word_fullvocab/8/radioruudolf_aamushow20100713_73.lat.gz
processing file exp/chain/tdnn7q_sp_vcivecs_lda100/lattices_eval_word_fullvocab/8/radioruudolf_aamushow20120720_3.lat.gz
processing file exp/chain/tdnn7q_sp_vcivecs_lda100/lattices_eval_word_fullvocab/8/radioruudolf_aamushow20100713_5.lat.gz
processing file exp/chain/tdnn7q_sp_vcivecs_lda100/lattices_eval_word_fullvocab/8/radioruudolf_aamushow20120720_45.lat.gz
processing file exp/chain/tdnn7q_sp_vcivecs_lda100/lattices_eval_word_fullvocab/8/radioruudolf_aamushow20100713_37.lat.gz
processing file exp/chain/tdnn7q_sp_vcivecs_lda100/lattices_eval_word_fullvocab/8/radioruudolf_aamushow20100713_39.lat.gz
processing file exp/chain/tdnn7q_sp_vcivecs_lda100/lattices_eval_word_fullvocab/8/radioruudolf_aamushow20120720_75.lat.gz
processing file exp/chain/tdnn7q_sp_vcivecs_lda100/lattices_eval_word_fullvocab/8/radioruudolf_aamushow20100713_62.lat.gz
processing file exp/chain/tdnn7q_sp_vcivecs_lda100/lattices_eval_word_fullvocab/8/radioruudolf_aamushow20120720_24.lat.gz
processing file exp/chain/tdnn7q_sp_vcivecs_lda100/lattices_eval_word_fullvocab/8/radioruudolf_aamushow20120720_39.lat.gz
processing file exp/chain/tdnn7q_sp_vcivecs_lda100/lattices_eval_word_fullvocab/8/radioruudolf_aamushow20120720_84.lat.gz
processing file exp/chain/tdnn7q_sp_vcivecs_lda100/lattices_eval_word_fullvocab/8/radioruudolf_aamushow20100713_74.lat.gz
processing file exp/chain/tdnn7q_sp_vcivecs_lda100/lattices_eval_word_fullvocab/8/radioruudolf_aamushow20120720_67.lat.gz
processing file exp/chain/tdnn7q_sp_vcivecs_lda100/lattices_eval_word_fullvocab/8/radioruudolf_aamushow20120720_13.lat.gz
processing file exp/chain/tdnn7q_sp_vcivecs_lda100/lattices_eval_word_fullvocab/8/radioruudolf_aamushow20100713_47.lat.gz
processing file exp/chain/tdnn7q_sp_vcivecs_lda100/lattices_eval_word_fullvocab/8/radioruudolf_aamushow20120720_28.lat.gz
processing file exp/chain/tdnn7q_sp_vcivecs_lda100/lattices_eval_word_fullvocab/8/radioruudolf_aamushow20100713_75.lat.gz
processing file exp/chain/tdnn7q_sp_vcivecs_lda100/lattices_eval_word_fullvocab/8/radioruudolf_aamushow20100713_7.lat.gz
processing file exp/chain/tdnn7q_sp_vcivecs_lda100/lattices_eval_word_fullvocab/8/radioruudolf_aamushow20100713_21.lat.gz
processing file exp/chain/tdnn7q_sp_vcivecs_lda100/lattices_eval_word_fullvocab/8/radioruudolf_aamushow20100713_66.lat.gz
processing file exp/chain/tdnn7q_sp_vcivecs_lda100/lattices_eval_word_fullvocab/8/radioruudolf_aamushow20120720_66.lat.gz
processing file exp/chain/tdnn7q_sp_vcivecs_lda100/lattices_eval_word_fullvocab/8/radioruudolf_aamushow20100713_40.lat.gz
processing file exp/chain/tdnn7q_sp_vcivecs_lda100/lattices_eval_word_fullvocab/8/radioruudolf_aamushow20100713_78.lat.gz
processing file exp/chain/tdnn7q_sp_vcivecs_lda100/lattices_eval_word_fullvocab/8/radioruudolf_aamushow20120720_30.lat.gz
processing file exp/chain/tdnn7q_sp_vcivecs_lda100/lattices_eval_word_fullvocab/8/radioruudolf_aamushow20120720_6.lat.gz
processing file exp/chain/tdnn7q_sp_vcivecs_lda100/lattices_eval_word_fullvocab/8/radioruudolf_aamushow20100713_71.lat.gz
processing file exp/chain/tdnn7q_sp_vcivecs_lda100/lattices_eval_word_fullvocab/8/radioruudolf_aamushow20100713_22.lat.gz
processing file exp/chain/tdnn7q_sp_vcivecs_lda100/lattices_eval_word_fullvocab/8/radioruudolf_aamushow20100713_45.lat.gz
processing file exp/chain/tdnn7q_sp_vcivecs_lda100/lattices_eval_word_fullvocab/8/radioruudolf_aamushow20100713_28.lat.gz
processing file exp/chain/tdnn7q_sp_vcivecs_lda100/lattices_eval_word_fullvocab/8/radioruudolf_aamushow20100713_70.lat.gz
processing file exp/chain/tdnn7q_sp_vcivecs_lda100/lattices_eval_word_fullvocab/8/radioruudolf_aamushow20100713_64.lat.gz
processing file exp/chain/tdnn7q_sp_vcivecs_lda100/lattices_eval_word_fullvocab/8/radioruudolf_aamushow20100713_79.lat.gz
processing file exp/chain/tdnn7q_sp_vcivecs_lda100/lattices_eval_word_fullvocab/8/radioruudolf_aamushow20100713_83.lat.gz
processing file exp/chain/tdnn7q_sp_vcivecs_lda100/lattices_eval_word_fullvocab/8/radioruudolf_aamushow20120720_91.lat.gz
processing file exp/chain/tdnn7q_sp_vcivecs_lda100/lattices_eval_word_fullvocab/8/radioruudolf_aamushow20120720_50.lat.gz
processing file exp/chain/tdnn7q_sp_vcivecs_lda100/lattices_eval_word_fullvocab/8/radioruudolf_aamushow20100713_81.lat.gz
processing file exp/chain/tdnn7q_sp_vcivecs_lda100/lattices_eval_word_fullvocab/8/radioruudolf_aamushow20120720_113.lat.gz
processing file exp/chain/tdnn7q_sp_vcivecs_lda100/lattices_eval_word_fullvocab/8/radioruudolf_aamushow20120720_52.lat.gz
processing file exp/chain/tdnn7q_sp_vcivecs_lda100/lattices_eval_word_fullvocab/8/radioruudolf_aamushow20120720_93.lat.gz
processing file exp/chain/tdnn7q_sp_vcivecs_lda100/lattices_eval_word_fullvocab/8/radioruudolf_aamushow20120720_112.lat.gz
processing file exp/chain/tdnn7q_sp_vcivecs_lda100/lattices_eval_word_fullvocab/8/radioruudolf_aamushow20100713_46.lat.gz
processing file exp/chain/tdnn7q_sp_vcivecs_lda100/lattices_eval_word_fullvocab/8/radioruudolf_aamushow20120720_115.lat.gz
processing file exp/chain/tdnn7q_sp_vcivecs_lda100/lattices_eval_word_fullvocab/8/radioruudolf_aamushow20120720_86.lat.gz
processing file exp/chain/tdnn7q_sp_vcivecs_lda100/lattices_eval_word_fullvocab/8/radioruudolf_aamushow20100713_85.lat.gz
processing file exp/chain/tdnn7q_sp_vcivecs_lda100/lattices_eval_word_fullvocab/8/radioruudolf_aamushow20120720_90.lat.gz
processing file exp/chain/tdnn7q_sp_vcivecs_lda100/lattices_eval_word_fullvocab/8/radioruudolf_aamushow20100713_19.lat.gz
processing file exp/chain/tdnn7q_sp_vcivecs_lda100/lattices_eval_word_fullvocab/8/radioruudolf_aamushow20100713_10.lat.gz
processing file exp/chain/tdnn7q_sp_vcivecs_lda100/lattices_eval_word_fullvocab/8/radioruudolf_aamushow20100713_68.lat.gz
processing file exp/chain/tdnn7q_sp_vcivecs_lda100/lattices_eval_word_fullvocab/8/radioruudolf_aamushow20100713_20.lat.gz
processing file exp/chain/tdnn7q_sp_vcivecs_lda100/lattices_eval_word_fullvocab/8/radioruudolf_aamushow20100713_31.lat.gz
processing file exp/chain/tdnn7q_sp_vcivecs_lda100/lattices_eval_word_fullvocab/8/radioruudolf_aamushow20100713_80.lat.gz
processing file exp/chain/tdnn7q_sp_vcivecs_lda100/lattices_eval_word_fullvocab/8/radioruudolf_aamushow20120720_110.lat.gz
processing file exp/chain/tdnn7q_sp_vcivecs_lda100/lattices_eval_word_fullvocab/7/radioporni_puhujainkulma20120930_5.lat.gz
processing file exp/chain/tdnn7q_sp_vcivecs_lda100/lattices_eval_word_fullvocab/7/radioporni_puhujainkulma20120930_84.lat.gz
processing file exp/chain/tdnn7q_sp_vcivecs_lda100/lattices_eval_word_fullvocab/7/radioporni_puhujainkulma20120930_38.lat.gz
processing file exp/chain/tdnn7q_sp_vcivecs_lda100/lattices_eval_word_fullvocab/7/radioporni_puhujainkulma20120930_9.lat.gz
processing file exp/chain/tdnn7q_sp_vcivecs_lda100/lattices_eval_word_fullvocab/7/radioporni_puhujainkulma20120930_128.lat.gz
processing file exp/chain/tdnn7q_sp_vcivecs_lda100/lattices_eval_word_fullvocab/7/radioporni_puhujainkulma20120930_80.lat.gz
processing file exp/chain/tdnn7q_sp_vcivecs_lda100/lattices_eval_word_fullvocab/7/radioporni_puhujainkulma20120930_68.lat.gz
processing file exp/chain/tdnn7q_sp_vcivecs_lda100/lattices_eval_word_fullvocab/7/radioporni_puhujainkulma20120909_30.lat.gz
processing file exp/chain/tdnn7q_sp_vcivecs_lda100/lattices_eval_word_fullvocab/7/radioporni_puhujainkulma20120909_28.lat.gz
processing file exp/chain/tdnn7q_sp_vcivecs_lda100/lattices_eval_word_fullvocab/7/radioporni_puhujainkulma20120930_117.lat.gz
processing file exp/chain/tdnn7q_sp_vcivecs_lda100/lattices_eval_word_fullvocab/7/radioporni_puhujainkulma20120909_37.lat.gz
processing file exp/chain/tdnn7q_sp_vcivecs_lda100/lattices_eval_word_fullvocab/7/radioporni_puhujainkulma20120930_22.lat.gz
processing file exp/chain/tdnn7q_sp_vcivecs_lda100/lattices_eval_word_fullvocab/7/radioporni_puhujainkulma20120930_110.lat.gz
processing file exp/chain/tdnn7q_sp_vcivecs_lda100/lattices_eval_word_fullvocab/7/radioporni_puhujainkulma20120930_36.lat.gz
processing file exp/chain/tdnn7q_sp_vcivecs_lda100/lattices_eval_word_fullvocab/7/radioporni_puhujainkulma20120909_33.lat.gz
processing file exp/chain/tdnn7q_sp_vcivecs_lda100/lattices_eval_word_fullvocab/7/radioporni_puhujainkulma20120930_61.lat.gz
processing file exp/chain/tdnn7q_sp_vcivecs_lda100/lattices_eval_word_fullvocab/7/radioporni_puhujainkulma20120930_123.lat.gz
processing file exp/chain/tdnn7q_sp_vcivecs_lda100/lattices_eval_word_fullvocab/7/radioporni_puhujainkulma20120909_29.lat.gz
processing file exp/chain/tdnn7q_sp_vcivecs_lda100/lattices_eval_word_fullvocab/7/radioporni_puhujainkulma20120930_8.lat.gz
processing file exp/chain/tdnn7q_sp_vcivecs_lda100/lattices_eval_word_fullvocab/7/radioporni_puhujainkulma20120930_56.lat.gz
processing file exp/chain/tdnn7q_sp_vcivecs_lda100/lattices_eval_word_fullvocab/7/radioporni_puhujainkulma20120930_17.lat.gz
processing file exp/chain/tdnn7q_sp_vcivecs_lda100/lattices_eval_word_fullvocab/7/radioporni_puhujainkulma20120930_20.lat.gz
processing file exp/chain/tdnn7q_sp_vcivecs_lda100/lattices_eval_word_fullvocab/7/radioporni_puhujainkulma20120909_2.lat.gz
processing file exp/chain/tdnn7q_sp_vcivecs_lda100/lattices_eval_word_fullvocab/7/radioporni_puhujainkulma20120930_11.lat.gz
processing file exp/chain/tdnn7q_sp_vcivecs_lda100/lattices_eval_word_fullvocab/7/radioporni_puhujainkulma20120909_39.lat.gz
processing file exp/chain/tdnn7q_sp_vcivecs_lda100/lattices_eval_word_fullvocab/7/radioporni_puhujainkulma20120930_3.lat.gz
processing file exp/chain/tdnn7q_sp_vcivecs_lda100/lattices_eval_word_fullvocab/7/radioporni_puhujainkulma20120930_119.lat.gz
processing file exp/chain/tdnn7q_sp_vcivecs_lda100/lattices_eval_word_fullvocab/7/radioporni_puhujainkulma20120930_46.lat.gz
processing file exp/chain/tdnn7q_sp_vcivecs_lda100/lattices_eval_word_fullvocab/7/radioporni_puhujainkulma20120909_23.lat.gz
processing file exp/chain/tdnn7q_sp_vcivecs_lda100/lattices_eval_word_fullvocab/7/radioporni_puhujainkulma20120909_22.lat.gz
processing file exp/chain/tdnn7q_sp_vcivecs_lda100/lattices_eval_word_fullvocab/7/radioporni_puhujainkulma20120930_12.lat.gz
processing file exp/chain/tdnn7q_sp_vcivecs_lda100/lattices_eval_word_fullvocab/7/radioporni_puhujainkulma20120930_50.lat.gz
processing file exp/chain/tdnn7q_sp_vcivecs_lda100/lattices_eval_word_fullvocab/7/radioporni_puhujainkulma20120909_36.lat.gz
processing file exp/chain/tdnn7q_sp_vcivecs_lda100/lattices_eval_word_fullvocab/7/radioporni_puhujainkulma20120930_44.lat.gz
processing file exp/chain/tdnn7q_sp_vcivecs_lda100/lattices_eval_word_fullvocab/7/radioporni_puhujainkulma20120930_70.lat.gz
processing file exp/chain/tdnn7q_sp_vcivecs_lda100/lattices_eval_word_fullvocab/7/radioporni_puhujainkulma20120930_63.lat.gz
processing file exp/chain/tdnn7q_sp_vcivecs_lda100/lattices_eval_word_fullvocab/7/radioporni_puhujainkulma20120930_126.lat.gz
processing file exp/chain/tdnn7q_sp_vcivecs_lda100/lattices_eval_word_fullvocab/7/radioporni_puhujainkulma20120930_64.lat.gz
processing file exp/chain/tdnn7q_sp_vcivecs_lda100/lattices_eval_word_fullvocab/7/radioporni_puhujainkulma20120930_1.lat.gz
processing file exp/chain/tdnn7q_sp_vcivecs_lda100/lattices_eval_word_fullvocab/7/radioporni_puhujainkulma20120930_116.lat.gz
processing file exp/chain/tdnn7q_sp_vcivecs_lda100/lattices_eval_word_fullvocab/7/radioporni_puhujainkulma20120909_31.lat.gz
processing file exp/chain/tdnn7q_sp_vcivecs_lda100/lattices_eval_word_fullvocab/7/radioporni_puhujainkulma20120930_24.lat.gz
processing file exp/chain/tdnn7q_sp_vcivecs_lda100/lattices_eval_word_fullvocab/7/radioporni_puhujainkulma20120930_58.lat.gz
processing file exp/chain/tdnn7q_sp_vcivecs_lda100/lattices_eval_word_fullvocab/7/radioporni_puhujainkulma20120930_62.lat.gz
processing file exp/chain/tdnn7q_sp_vcivecs_lda100/lattices_eval_word_fullvocab/7/radioporni_puhujainkulma20120909_5.lat.gz
processing file exp/chain/tdnn7q_sp_vcivecs_lda100/lattices_eval_word_fullvocab/7/radioporni_puhujainkulma20120909_25.lat.gz
processing file exp/chain/tdnn7q_sp_vcivecs_lda100/lattices_eval_word_fullvocab/7/radioporni_puhujainkulma20120930_122.lat.gz
processing file exp/chain/tdnn7q_sp_vcivecs_lda100/lattices_eval_word_fullvocab/7/radioporni_puhujainkulma20120930_23.lat.gz
processing file exp/chain/tdnn7q_sp_vcivecs_lda100/lattices_eval_word_fullvocab/7/radioporni_puhujainkulma20120930_6.lat.gz
processing file exp/chain/tdnn7q_sp_vcivecs_lda100/lattices_eval_word_fullvocab/7/radioporni_puhujainkulma20120930_41.lat.gz
processing file exp/chain/tdnn7q_sp_vcivecs_lda100/lattices_eval_word_fullvocab/7/radioporni_puhujainkulma20120930_4.lat.gz
processing file exp/chain/tdnn7q_sp_vcivecs_lda100/lattices_eval_word_fullvocab/4/dspm051_dsp2013_16.lat.gz
processing file exp/chain/tdnn7q_sp_vcivecs_lda100/lattices_eval_word_fullvocab/4/dspm041_dsp2013_15.lat.gz
processing file exp/chain/tdnn7q_sp_vcivecs_lda100/lattices_eval_word_fullvocab/4/dspm041_dsp2013_16.lat.gz
processing file exp/chain/tdnn7q_sp_vcivecs_lda100/lattices_eval_word_fullvocab/4/dspm053_dsp2013_19.lat.gz
processing file exp/chain/tdnn7q_sp_vcivecs_lda100/lattices_eval_word_fullvocab/4/dspm051_dsp2013_17.lat.gz
processing file exp/chain/tdnn7q_sp_vcivecs_lda100/lattices_eval_word_fullvocab/4/dspm051_dsp2013_13.lat.gz
processing file exp/chain/tdnn7q_sp_vcivecs_lda100/lattices_eval_word_fullvocab/4/dspm053_dsp2013_18.lat.gz
processing file exp/chain/tdnn7q_sp_vcivecs_lda100/lattices_eval_word_fullvocab/4/dspm041_dsp2013_13.lat.gz
processing file exp/chain/tdnn7q_sp_vcivecs_lda100/lattices_eval_word_fullvocab/4/dspm041_dsp2013_18.lat.gz
processing file exp/chain/tdnn7q_sp_vcivecs_lda100/lattices_eval_word_fullvocab/4/dspm041_dsp2013_05.lat.gz
processing file exp/chain/tdnn7q_sp_vcivecs_lda100/lattices_eval_word_fullvocab/4/dspm041_dsp2013_20.lat.gz
processing file exp/chain/tdnn7q_sp_vcivecs_lda100/lattices_eval_word_fullvocab/4/dspm041_dsp2013_08.lat.gz
processing file exp/chain/tdnn7q_sp_vcivecs_lda100/lattices_eval_word_fullvocab/4/dspm051_dsp2013_04.lat.gz
processing file exp/chain/tdnn7q_sp_vcivecs_lda100/lattices_eval_word_fullvocab/4/dspm041_dsp2013_12.lat.gz
processing file exp/chain/tdnn7q_sp_vcivecs_lda100/lattices_eval_word_fullvocab/4/dspm051_dsp2013_18.lat.gz
processing file exp/chain/tdnn7q_sp_vcivecs_lda100/lattices_eval_word_fullvocab/4/dspm053_dsp2013_12.lat.gz
processing file exp/chain/tdnn7q_sp_vcivecs_lda100/lattices_eval_word_fullvocab/4/dspm051_dsp2013_11.lat.gz
processing file exp/chain/tdnn7q_sp_vcivecs_lda100/lattices_eval_word_fullvocab/4/dspm053_dsp2013_15.lat.gz
processing file exp/chain/tdnn7q_sp_vcivecs_lda100/lattices_eval_word_fullvocab/4/dspm053_dsp2013_21.lat.gz
processing file exp/chain/tdnn7q_sp_vcivecs_lda100/lattices_eval_word_fullvocab/4/dspm053_dsp2013_07.lat.gz
processing file exp/chain/tdnn7q_sp_vcivecs_lda100/lattices_eval_word_fullvocab/4/dspm041_dsp2013_11.lat.gz
processing file exp/chain/tdnn7q_sp_vcivecs_lda100/lattices_eval_word_fullvocab/4/dspm053_dsp2013_17.lat.gz
processing file exp/chain/tdnn7q_sp_vcivecs_lda100/lattices_eval_word_fullvocab/4/dspm051_dsp2013_10.lat.gz
processing file exp/chain/tdnn7q_sp_vcivecs_lda100/lattices_eval_word_fullvocab/4/dspm051_dsp2013_07.lat.gz
processing file exp/chain/tdnn7q_sp_vcivecs_lda100/lattices_eval_word_fullvocab/4/dspm051_dsp2013_01.lat.gz
processing file exp/chain/tdnn7q_sp_vcivecs_lda100/lattices_eval_word_fullvocab/4/dspm041_dsp2013_17.lat.gz
processing file exp/chain/tdnn7q_sp_vcivecs_lda100/lattices_eval_word_fullvocab/4/dspm053_dsp2013_24.lat.gz
processing file exp/chain/tdnn7q_sp_vcivecs_lda100/lattices_eval_word_fullvocab/4/dspm041_dsp2013_19.lat.gz
processing file exp/chain/tdnn7q_sp_vcivecs_lda100/lattices_eval_word_fullvocab/4/dspm041_dsp2013_14.lat.gz
processing file exp/chain/tdnn7q_sp_vcivecs_lda100/lattices_eval_word_fullvocab/4/dspm051_dsp2013_15.lat.gz
processing file exp/chain/tdnn7q_sp_vcivecs_lda100/lattices_eval_word_fullvocab/4/dspm051_dsp2013_14.lat.gz
processing file exp/chain/tdnn7q_sp_vcivecs_lda100/lattices_eval_word_fullvocab/4/dspm051_dsp2013_09.lat.gz
processing file exp/chain/tdnn7q_sp_vcivecs_lda100/lattices_eval_word_fullvocab/4/dspm041_dsp2013_01.lat.gz
processing file exp/chain/tdnn7q_sp_vcivecs_lda100/lattices_eval_word_fullvocab/4/dspm053_dsp2013_04.lat.gz
processing file exp/chain/tdnn7q_sp_vcivecs_lda100/lattices_eval_word_fullvocab/4/dspm051_dsp2013_08.lat.gz
processing file exp/chain/tdnn7q_sp_vcivecs_lda100/lattices_eval_word_fullvocab/4/dspm041_dsp2013_07.lat.gz
processing file exp/chain/tdnn7q_sp_vcivecs_lda100/lattices_eval_word_fullvocab/4/dspm053_dsp2013_22.lat.gz
processing file exp/chain/tdnn7q_sp_vcivecs_lda100/lattices_eval_word_fullvocab/4/dspm053_dsp2013_14.lat.gz
processing file exp/chain/tdnn7q_sp_vcivecs_lda100/lattices_eval_word_fullvocab/4/dspm041_dsp2013_21.lat.gz
processing file exp/chain/tdnn7q_sp_vcivecs_lda100/lattices_eval_word_fullvocab/4/dspm051_dsp2013_20.lat.gz
processing file exp/chain/tdnn7q_sp_vcivecs_lda100/lattices_eval_word_fullvocab/4/dspm041_dsp2013_23.lat.gz
processing file exp/chain/tdnn7q_sp_vcivecs_lda100/lattices_eval_word_fullvocab/4/dspm041_dsp2013_09.lat.gz
processing file exp/chain/tdnn7q_sp_vcivecs_lda100/lattices_eval_word_fullvocab/4/dspm053_dsp2013_06.lat.gz
processing file exp/chain/tdnn7q_sp_vcivecs_lda100/lattices_eval_word_fullvocab/4/dspm041_dsp2013_24.lat.gz
processing file exp/chain/tdnn7q_sp_vcivecs_lda100/lattices_eval_word_fullvocab/4/dspm051_dsp2013_06.lat.gz
processing file exp/chain/tdnn7q_sp_vcivecs_lda100/lattices_eval_word_fullvocab/4/dspm053_dsp2013_08.lat.gz
processing file exp/chain/tdnn7q_sp_vcivecs_lda100/lattices_eval_word_fullvocab/4/dspm053_dsp2013_10.lat.gz
processing file exp/chain/tdnn7q_sp_vcivecs_lda100/lattices_eval_word_fullvocab/4/dspm053_dsp2013_13.lat.gz
processing file exp/chain/tdnn7q_sp_vcivecs_lda100/lattices_eval_word_fullvocab/4/dspm051_dsp2013_12.lat.gz
processing file exp/chain/tdnn7q_sp_vcivecs_lda100/lattices_eval_word_fullvocab/4/dspm051_dsp2013_02.lat.gz
processing file exp/chain/tdnn7q_sp_vcivecs_lda100/lattices_eval_word_fullvocab/4/dspm051_dsp2013_21.lat.gz
processing file exp/chain/tdnn7q_sp_vcivecs_lda100/lattices_eval_word_fullvocab/4/dspm053_dsp2013_05.lat.gz
processing file exp/chain/tdnn7q_sp_vcivecs_lda100/lattices_eval_word_fullvocab/4/dspm051_dsp2013_03.lat.gz
processing file exp/chain/tdnn7q_sp_vcivecs_lda100/lattices_eval_word_fullvocab/4/dspm051_dsp2013_19.lat.gz
processing file exp/chain/tdnn7q_sp_vcivecs_lda100/lattices_eval_word_fullvocab/4/dspm053_dsp2013_20.lat.gz
processing file exp/chain/tdnn7q_sp_vcivecs_lda100/lattices_eval_word_fullvocab/4/dspm053_dsp2013_09.lat.gz
processing file exp/chain/tdnn7q_sp_vcivecs_lda100/lattices_eval_word_fullvocab/4/dspm053_dsp2013_23.lat.gz
processing file exp/chain/tdnn7q_sp_vcivecs_lda100/lattices_eval_word_fullvocab/4/dspm053_dsp2013_16.lat.gz
processing file exp/chain/tdnn7q_sp_vcivecs_lda100/lattices_eval_word_fullvocab/4/dspm041_dsp2013_06.lat.gz
processing file exp/chain/tdnn7q_sp_vcivecs_lda100/lattices_eval_word_fullvocab/4/dspm053_dsp2013_11.lat.gz
processing file exp/chain/tdnn7q_sp_vcivecs_lda100/lattices_eval_word_fullvocab/4/dspm051_dsp2013_05.lat.gz
processing file exp/chain/tdnn7q_sp_vcivecs_lda100/lattices_eval_word_fullvocab/4/dspm041_dsp2013_03.lat.gz
processing file exp/chain/tdnn7q_sp_vcivecs_lda100/lattices_eval_word_fullvocab/5/radioerkka_puhujainkulma20120930_96.lat.gz
processing file exp/chain/tdnn7q_sp_vcivecs_lda100/lattices_eval_word_fullvocab/5/radiohenri_aamushow20100713_84.lat.gz
processing file exp/chain/tdnn7q_sp_vcivecs_lda100/lattices_eval_word_fullvocab/5/radioerkka_puhujainkulma20120909_35.lat.gz
processing file exp/chain/tdnn7q_sp_vcivecs_lda100/lattices_eval_word_fullvocab/5/radiohenri_aamushow20100713_25.lat.gz
processing file exp/chain/tdnn7q_sp_vcivecs_lda100/lattices_eval_word_fullvocab/5/radiohenri_aamushow20100713_1.lat.gz
processing file exp/chain/tdnn7q_sp_vcivecs_lda100/lattices_eval_word_fullvocab/5/radioerkka_puhujainkulma20120909_16.lat.gz
processing file exp/chain/tdnn7q_sp_vcivecs_lda100/lattices_eval_word_fullvocab/5/radioerkka_puhujainkulma20120930_108.lat.gz
processing file exp/chain/tdnn7q_sp_vcivecs_lda100/lattices_eval_word_fullvocab/5/radiohenri_aamushow20100713_58.lat.gz
processing file exp/chain/tdnn7q_sp_vcivecs_lda100/lattices_eval_word_fullvocab/5/radioerkka_puhujainkulma20120930_100.lat.gz
processing file exp/chain/tdnn7q_sp_vcivecs_lda100/lattices_eval_word_fullvocab/5/radiohenri_aamushow20100713_32.lat.gz
processing file exp/chain/tdnn7q_sp_vcivecs_lda100/lattices_eval_word_fullvocab/5/radiohenri_aamushow20100713_27.lat.gz
processing file exp/chain/tdnn7q_sp_vcivecs_lda100/lattices_eval_word_fullvocab/5/radiohenri_aamushow20100713_65.lat.gz
processing file exp/chain/tdnn7q_sp_vcivecs_lda100/lattices_eval_word_fullvocab/5/radioerkka_puhujainkulma20120930_74.lat.gz
processing file exp/chain/tdnn7q_sp_vcivecs_lda100/lattices_eval_word_fullvocab/5/radiohenri_aamushow20100713_88.lat.gz
processing file exp/chain/tdnn7q_sp_vcivecs_lda100/lattices_eval_word_fullvocab/5/radiohenri_aamushow20100713_9.lat.gz
processing file exp/chain/tdnn7q_sp_vcivecs_lda100/lattices_eval_word_fullvocab/5/radioerkka_puhujainkulma20120930_92.lat.gz
processing file exp/chain/tdnn7q_sp_vcivecs_lda100/lattices_eval_word_fullvocab/5/radioerkka_puhujainkulma20120930_28.lat.gz
processing file exp/chain/tdnn7q_sp_vcivecs_lda100/lattices_eval_word_fullvocab/5/radioerkka_puhujainkulma20120930_90.lat.gz
processing file exp/chain/tdnn7q_sp_vcivecs_lda100/lattices_eval_word_fullvocab/5/radiohenri_aamushow20100713_2.lat.gz
processing file exp/chain/tdnn7q_sp_vcivecs_lda100/lattices_eval_word_fullvocab/5/radiohenri_aamushow20100713_82.lat.gz
processing file exp/chain/tdnn7q_sp_vcivecs_lda100/lattices_eval_word_fullvocab/5/radioerkka_puhujainkulma20120909_8.lat.gz
processing file exp/chain/tdnn7q_sp_vcivecs_lda100/lattices_eval_word_fullvocab/5/radioerkka_puhujainkulma20120930_47.lat.gz
processing file exp/chain/tdnn7q_sp_vcivecs_lda100/lattices_eval_word_fullvocab/5/radiohenri_aamushow20100713_36.lat.gz
processing file exp/chain/tdnn7q_sp_vcivecs_lda100/lattices_eval_word_fullvocab/5/radioerkka_puhujainkulma20120909_38.lat.gz
processing file exp/chain/tdnn7q_sp_vcivecs_lda100/lattices_eval_word_fullvocab/5/radioerkka_puhujainkulma20120930_112.lat.gz
processing file exp/chain/tdnn7q_sp_vcivecs_lda100/lattices_eval_word_fullvocab/5/radioerkka_puhujainkulma20120909_32.lat.gz
processing file exp/chain/tdnn7q_sp_vcivecs_lda100/lattices_eval_word_fullvocab/5/radioerkka_puhujainkulma20120930_34.lat.gz
processing file exp/chain/tdnn7q_sp_vcivecs_lda100/lattices_eval_word_fullvocab/5/radioerkka_puhujainkulma20120930_29.lat.gz
processing file exp/chain/tdnn7q_sp_vcivecs_lda100/lattices_eval_word_fullvocab/5/radioerkka_puhujainkulma20120909_17.lat.gz
processing file exp/chain/tdnn7q_sp_vcivecs_lda100/lattices_eval_word_fullvocab/5/radiohenri_aamushow20100713_54.lat.gz
processing file exp/chain/tdnn7q_sp_vcivecs_lda100/lattices_eval_word_fullvocab/5/radioerkka_puhujainkulma20120930_91.lat.gz
processing file exp/chain/tdnn7q_sp_vcivecs_lda100/lattices_eval_word_fullvocab/5/radioerkka_puhujainkulma20120930_81.lat.gz
processing file exp/chain/tdnn7q_sp_vcivecs_lda100/lattices_eval_word_fullvocab/5/radioerkka_puhujainkulma20120930_25.lat.gz
processing file exp/chain/tdnn7q_sp_vcivecs_lda100/lattices_eval_word_fullvocab/5/radiohenri_aamushow20100713_50.lat.gz
processing file exp/chain/tdnn7q_sp_vcivecs_lda100/lattices_eval_word_fullvocab/5/radiohenri_aamushow20100713_6.lat.gz
processing file exp/chain/tdnn7q_sp_vcivecs_lda100/lattices_eval_word_fullvocab/5/radiohenri_aamushow20100713_26.lat.gz
processing file exp/chain/tdnn7q_sp_vcivecs_lda100/lattices_eval_word_fullvocab/5/radioerkka_puhujainkulma20120930_30.lat.gz
processing file exp/chain/tdnn7q_sp_vcivecs_lda100/lattices_eval_word_fullvocab/5/radiohenri_aamushow20100713_86.lat.gz
processing file exp/chain/tdnn7q_sp_vcivecs_lda100/lattices_eval_word_fullvocab/5/radioerkka_puhujainkulma20120930_95.lat.gz
processing file exp/chain/tdnn7q_sp_vcivecs_lda100/lattices_eval_word_fullvocab/5/radioerkka_puhujainkulma20120930_98.lat.gz
processing file exp/chain/tdnn7q_sp_vcivecs_lda100/lattices_eval_word_fullvocab/5/radiohenri_aamushow20100713_18.lat.gz
processing file exp/chain/tdnn7q_sp_vcivecs_lda100/lattices_eval_word_fullvocab/5/radioerkka_puhujainkulma20120930_104.lat.gz
processing file exp/chain/tdnn7q_sp_vcivecs_lda100/lattices_eval_word_fullvocab/5/radioerkka_puhujainkulma20120930_75.lat.gz
processing file exp/chain/tdnn7q_sp_vcivecs_lda100/lattices_eval_word_fullvocab/5/radioerkka_puhujainkulma20120930_109.lat.gz
processing file exp/chain/tdnn7q_sp_vcivecs_lda100/lattices_eval_word_fullvocab/5/radioerkka_puhujainkulma20120930_97.lat.gz
processing file exp/chain/tdnn7q_sp_vcivecs_lda100/lattices_eval_word_fullvocab/5/radiohenri_aamushow20100713_11.lat.gz
processing file exp/chain/tdnn7q_sp_vcivecs_lda100/lattices_eval_word_fullvocab/5/radioerkka_puhujainkulma20120930_93.lat.gz
processing file exp/chain/tdnn7q_sp_vcivecs_lda100/lattices_eval_word_fullvocab/5/radioerkka_puhujainkulma20120930_106.lat.gz
processing file exp/chain/tdnn7q_sp_vcivecs_lda100/lattices_eval_word_fullvocab/5/radiohenri_aamushow20100713_24.lat.gz
processing file exp/chain/tdnn7q_sp_vcivecs_lda100/lattices_eval_word_fullvocab/5/radiohenri_aamushow20100713_13.lat.gz
processing file exp/chain/tdnn7q_sp_vcivecs_lda100/lattices_eval_word_fullvocab/5/radioerkka_puhujainkulma20120930_86.lat.gz
processing file exp/chain/tdnn7q_sp_vcivecs_lda100/lattices_eval_word_fullvocab/5/radiohenri_aamushow20100713_61.lat.gz
processing file exp/chain/tdnn7q_sp_vcivecs_lda100/lattices_eval_word_fullvocab/5/radiohenri_aamushow20100713_15.lat.gz
processing file exp/chain/tdnn7q_sp_vcivecs_lda100/lattices_eval_word_fullvocab/5/radioerkka_puhujainkulma20120909_12.lat.gz
slurmstepd: error: *** JOB 56899095 ON csl48 CANCELLED AT 2020-11-24T16:45:22 ***
