Experiment: am/converse_fin
Job ID: 56047732
Task ID: 
Host: csl40.int.triton.aalto.fi
Start date: Sat Oct 10 15:52:06 EEST 2020
Work directory: /scratch/work/moisioa3/conv_lm/experiments/am/converse_fin
Temporary directory: /tmp/56047732

Currently Loaded Modules:
  1) GCCcore/6.4.0
  2) binutils/2.28-GCCcore-6.4.0
  3) GCC/6.4.0-2.28
  4) openfst/1.6.6-GCC-6.4.0
  5) OpenBLAS/0.2.20-GCC-6.4.0-2.28
  6) CUDA/9.0.176
  7) CUB/1.8.0
  8) sctk/2.4.10
  9) sph2pipe/2.5
 10) kaldi-2020/5968b4c-GCC-6.4.0-2.28-OPENBLAS

 

steps/get_prons.sh --cmd utils/slurm.pl --mem 3G --time 1:00:00 data/am-train data/lang_morph_nosp exp/chain/tdnn7q_sp/decode_devel_morph_nosp
steps/get_prons.sh: expected file data/lang_morph_nosp/words.txt to exist
