Experiment: am/converse_fin
Job ID: 56226587
Task ID: 
Host: csl44.int.triton.aalto.fi
Start date: Tue Oct 27 07:32:59 EET 2020
Work directory: /scratch/work/moisioa3/conv_lm/experiments/am/converse_fin
Temporary directory: /tmp/56226587

Currently Loaded Modules:
  1) GCCcore/6.4.0
  2) binutils/2.28-GCCcore-6.4.0
  3) GCC/6.4.0-2.28
  4) openfst/1.6.6-GCC-6.4.0
  5) OpenBLAS/0.2.20-GCC-6.4.0-2.28
  6) CUDA/9.0.176
  7) CUB/1.8.0
  8) sctk/2.4.10
  9) sph2pipe/2.5
 10) kaldi-2020/5968b4c-GCC-6.4.0-2.28-OPENBLAS

 

steps/oracle_wer.sh data/devel_hires data/lang_chain exp/chain/tdnn7q_sp_dsp/decode_devel_word_fullvocab
steps/oracle_wer.sh: measuring lattice depth
Depth is: 67.64 ( 16558944 / 244798 )
steps/oracle_wer.sh: measuring lattice oracle WER
Oracle WER is: 100.02% [ 17957 / 17953, 5 insertions, 2381 deletions, 15571 substitutions ]
steps/oracle_wer.sh data/devel_hires data/lang_chain exp/chain/tdnn7q_sp_noivecs/decode_devel_word_fullvocab
steps/oracle_wer.sh: measuring lattice depth
Depth is: 72.47 ( 17741483 / 244798 )
steps/oracle_wer.sh: measuring lattice oracle WER
Oracle WER is: 100.00% [ 17953 / 17953, 2 insertions, 2305 deletions, 15646 substitutions ]
steps/oracle_wer.sh data/devel_hires data/lang_chain exp/chain/tdnn7q_sp_psmitivecs/decode_devel_word_fullvocab
steps/oracle_wer.sh: measuring lattice depth
Depth is: 57.28 ( 14022594 / 244798 )
steps/oracle_wer.sh: measuring lattice oracle WER
slurmstepd: error: *** JOB 56226587 ON csl44 CANCELLED AT 2020-10-27T07:34:21 ***
