Experiment: am/converse_fin
Job ID: 56896667
Task ID: 
Host: csl48.int.triton.aalto.fi
Start date: Tue Nov 24 14:07:41 EET 2020
Work directory: /scratch/work/moisioa3/conv_lm/experiments/am/converse_fin
Temporary directory: /tmp/56896667

Currently Loaded Modules:
  1) GCCcore/6.4.0
  2) binutils/2.28-GCCcore-6.4.0
  3) GCC/6.4.0-2.28
  4) openfst/1.6.6-GCC-6.4.0
  5) OpenBLAS/0.2.20-GCC-6.4.0-2.28
  6) CUDA/9.0.176
  7) CUB/1.8.0
  8) sctk/2.4.10
  9) sph2pipe/2.5
 10) kaldi-2020/5968b4c-GCC-6.4.0-2.28-OPENBLAS

 

exp/chain/tdnn7q_sp_ensemble2/decode_devel_word_fullvocab
steps/oracle_wer.sh exp/nnet3_ensemble/xvectors_devel_hires_voxceleb_vad/feat_dump_lda100_vad data/lang_test_word_fullvocab exp/chain/tdnn7q_sp_ensemble2/decode_devel_word_fullvocab
steps/oracle_wer.sh: measuring lattice depth
Depth is: 58.93 ( 14425729 / 244798 )
steps/oracle_wer.sh: measuring lattice oracle WER
Oracle WER is: 11.89% [ 2135 / 17953, 94 insertions, 736 deletions, 1305 substitutions ]
exp/chain/tdnn7q_sp_ensemble2/decode_eval_word_fullvocab
steps/oracle_wer.sh exp/nnet3_ensemble/xvectors_eval_hires_voxceleb_vad/feat_dump_lda100_vad data/lang_test_word_fullvocab exp/chain/tdnn7q_sp_ensemble2/decode_eval_word_fullvocab
steps/oracle_wer.sh: measuring lattice depth
Depth is: 48.50 ( 4259554 / 87819 )
steps/oracle_wer.sh: measuring lattice oracle WER
Oracle WER is: 11.28% [ 728 / 6454, 32 insertions, 197 deletions, 499 substitutions ]
