Experiment: am/converse_fin
Job ID: 56142363
Task ID: 
Host: pe46.int.triton.aalto.fi
Start date: Wed Oct 14 16:44:18 EEST 2020
Work directory: /scratch/work/moisioa3/conv_lm/experiments/am/converse_fin
Temporary directory: /tmp/56142363

Currently Loaded Modules:
  1) GCCcore/6.4.0
  2) binutils/2.28-GCCcore-6.4.0
  3) GCC/6.4.0-2.28
  4) openfst/1.6.6-GCC-6.4.0
  5) OpenBLAS/0.2.20-GCC-6.4.0-2.28
  6) CUDA/9.0.176
  7) CUB/1.8.0
  8) sctk/2.4.10
  9) sph2pipe/2.5
 10) kaldi-2020/5968b4c-GCC-6.4.0-2.28-OPENBLAS

 

tree-info exp/chain/tdnn7q_sp_vcivecs_lda100/tree 
tree-info exp/chain/tdnn7q_sp_vcivecs_lda100/tree 
fstminimizeencoded 
fstpushspecial 
fsttablecompose data/lang_test_word_fullvocab/L_disambig.fst data/lang_test_word_fullvocab/G.fst 
fstdeterminizestar --use-log=true 
slurmstepd: error: *** JOB 56142363 ON pe46 CANCELLED AT 2020-10-14T16:44:49 ***
