Experiment: am/converse_fin
Job ID: 56420190
Task ID: 
Host: csl47.int.triton.aalto.fi
Start date: Tue Nov 10 10:34:02 EET 2020
Work directory: /scratch/work/moisioa3/conv_lm/experiments/am/converse_fin
Temporary directory: /tmp/56420190

Currently Loaded Modules:
  1) GCCcore/6.4.0
  2) binutils/2.28-GCCcore-6.4.0
  3) GCC/6.4.0-2.28
  4) openfst/1.6.6-GCC-6.4.0
  5) OpenBLAS/0.2.20-GCC-6.4.0-2.28
  6) CUDA/9.0.176
  7) CUB/1.8.0
  8) sctk/2.4.10
  9) sph2pipe/2.5
 10) kaldi-2020/5968b4c-GCC-6.4.0-2.28-OPENBLAS

 

exp/chain/tdnn7q_sp_alldataivecs/decode__devel_word_fullvocab
exp/chain/tdnn7q_sp_dsp/decode__devel_word_fullvocab
exp/chain/tdnn7q_sp_finetuned_xvecs/decode__devel_word_fullvocab
exp/chain/tdnn7q_sp_finetuned_xvecs_2layers/decode__devel_word_fullvocab
exp/chain/tdnn7q_sp_finetuned_xvecs_addhidden/decode__devel_word_fullvocab
exp/chain/tdnn7q_sp_finetuned_xvecs_lr0.0002/decode__devel_word_fullvocab
exp/chain/tdnn7q_sp_noivecs/decode__devel_word_fullvocab
exp/chain/tdnn7q_sp_offline/decode__devel_word_fullvocab
exp/chain/tdnn7q_sp_psmitivecs/decode__devel_word_fullvocab
exp/chain/tdnn7q_sp_vcivecs_lda100/decode__devel_word_fullvocab
exp/chain/tdnn7q_sp_vcivecs_lda200/decode__devel_word_fullvocab
exp/chain/tdnn7q_sp_vcivecs_lda200_vad/decode__devel_word_fullvocab
exp/chain/tdnn7q_sp_vcxvecs_lda200_vad/decode__devel_word_fullvocab
exp/chain/tdnn7q_sp_xvecs_lda200_vad/decode__devel_word_fullvocab
