Experiment: am/converse_fin
Job ID: 56132282
Task ID: 
Host: csl46.int.triton.aalto.fi
Start date: Tue Oct 13 17:30:28 EEST 2020
Work directory: /scratch/work/moisioa3/conv_lm/experiments/am/converse_fin
Temporary directory: /tmp/56132282

Currently Loaded Modules:
  1) GCCcore/6.4.0
  2) binutils/2.28-GCCcore-6.4.0
  3) GCC/6.4.0-2.28
  4) openfst/1.6.6-GCC-6.4.0
  5) OpenBLAS/0.2.20-GCC-6.4.0-2.28
  6) CUDA/9.0.176
  7) CUB/1.8.0
  8) sctk/2.4.10
  9) sph2pipe/2.5
 10) kaldi-2020/5968b4c-GCC-6.4.0-2.28-OPENBLAS

 

steps/oracle_wer.sh data/devel_hires data/lang_fullvocab exp/chain/tdnn7q_sp/decode_devel_word_fullvocab
steps/oracle_wer.sh: measuring lattice depth
Depth is: 53.86 ( 13185843 / 244798 )
steps/oracle_wer.sh: measuring lattice oracle WER
Oracle WER is: 12.27% [ 2203 / 17953, 86 insertions, 756 deletions, 1361 substitutions ]
