Experiment: am/converse_fin
Job ID: 56226586
Task ID: 
Host: csl44.int.triton.aalto.fi
Start date: Tue Oct 27 07:31:23 EET 2020
Work directory: /scratch/work/moisioa3/conv_lm/experiments/am/converse_fin
Temporary directory: /tmp/56226586

Currently Loaded Modules:
  1) GCCcore/6.4.0
  2) binutils/2.28-GCCcore-6.4.0
  3) GCC/6.4.0-2.28
  4) openfst/1.6.6-GCC-6.4.0
  5) OpenBLAS/0.2.20-GCC-6.4.0-2.28
  6) CUDA/9.0.176
  7) CUB/1.8.0
  8) sctk/2.4.10
  9) sph2pipe/2.5
 10) kaldi-2020/5968b4c-GCC-6.4.0-2.28-OPENBLAS

 

steps/oracle_wer.sh data/devel_hires data/lang_fullvocab exp/chain/tdnn7q_sp_dsp/decode_devel_word_fullvocab
steps/oracle_wer.sh: expected file data/lang_fullvocab/words.txt to exist
