Experiment: am/converse_fin
Job ID: 56023426
Task ID: 
Host: csl13.int.triton.aalto.fi
Start date: Fri Oct  9 17:26:05 EEST 2020
Work directory: /scratch/work/moisioa3/conv_lm/experiments/am/converse_fin
Temporary directory: /tmp/56023426

Currently Loaded Modules:
  1) GCCcore/6.4.0
  2) binutils/2.28-GCCcore-6.4.0
  3) GCC/6.4.0-2.28
  4) openfst/1.6.6-GCC-6.4.0
  5) OpenBLAS/0.2.20-GCC-6.4.0-2.28
  6) CUDA/9.0.176
  7) CUB/1.8.0
  8) sctk/2.4.10
  9) sph2pipe/2.5
 10) kaldi-2020/5968b4c-GCC-6.4.0-2.28-OPENBLAS

 

tree-info exp/chain/tdnn7q_sp_psmitivecs/tree 
tree-info exp/chain/tdnn7q_sp_psmitivecs/tree 
make-h-transducer --disambig-syms-out=exp/chain/tdnn7q_sp_psmitivecs/graph_word_fullvocab/disambig_tid.int --transition-scale=1.0 data/lang_test_word_fullvocab/tmp/ilabels_2_1 exp/chain/tdnn7q_sp_psmitivecs/tree exp/chain/tdnn7q_sp_psmitivecs/final.mdl 
fstrmsymbols exp/chain/tdnn7q_sp_psmitivecs/graph_word_fullvocab/disambig_tid.int 
fstminimizeencoded 
fstrmepslocal 
fstdeterminizestar --use-log=true 
fsttablecompose exp/chain/tdnn7q_sp_psmitivecs/graph_word_fullvocab/Ha.fst data/lang_test_word_fullvocab/tmp/CLG_2_1.fst 
fstisstochastic exp/chain/tdnn7q_sp_psmitivecs/graph_word_fullvocab/HCLGa.fst 
0.419998 -0.424212
HCLGa is not stochastic
add-self-loops --self-loop-scale=1.0 --reorder=true exp/chain/tdnn7q_sp_psmitivecs/final.mdl exp/chain/tdnn7q_sp_psmitivecs/graph_word_fullvocab/HCLGa.fst 
fstisstochastic exp/chain/tdnn7q_sp_psmitivecs/graph_word_fullvocab/HCLG.fst 
0.18811 -0.294894
[info]: final HCLG is not stochastic.
steps/nnet3/decode.sh --nj 8 --cmd utils/slurm.pl --mem 16G --time 1:00:00 --acwt 1.0 --post-decode-acwt 10.0 --online-ivector-dir exp/nnet3/ivectors_devel_hires_psmit exp/chain/tdnn7q_sp_psmitivecs/graph_word_fullvocab data/devel_hires exp/chain/tdnn7q_sp_psmitivecs/decode_devel_word_fullvocab
steps/nnet3/decode.sh: feature type is raw
steps/diagnostic/analyze_lats.sh --cmd utils/slurm.pl --mem 16G --time 1:00:00 --iter final exp/chain/tdnn7q_sp_psmitivecs/graph_word_fullvocab exp/chain/tdnn7q_sp_psmitivecs/decode_devel_word_fullvocab
steps/diagnostic/analyze_lats.sh: see stats in exp/chain/tdnn7q_sp_psmitivecs/decode_devel_word_fullvocab/log/analyze_alignments.log
Overall, lattice depth (10,50,90-percentile)=(4,19,125) and mean=57.3
steps/diagnostic/analyze_lats.sh: see stats in exp/chain/tdnn7q_sp_psmitivecs/decode_devel_word_fullvocab/log/analyze_lattice_depth_stats.log
score best paths
local/score.sh --cmd utils/slurm.pl --mem 16G --time 1:00:00 data/devel_hires exp/chain/tdnn7q_sp_psmitivecs/graph_word_fullvocab exp/chain/tdnn7q_sp_psmitivecs/decode_devel_word_fullvocab
local/score.sh: scoring with word insertion penalty=0.0,0.5,1.0
score confidence and timing with sclite
Decoding done.
