Experiment: am/converse_fin
Job ID: 56420484
Task ID: 
Host: csl44.int.triton.aalto.fi
Start date: Tue Nov 10 11:04:58 EET 2020
Work directory: /scratch/work/moisioa3/conv_lm/experiments/am/converse_fin
Temporary directory: /tmp/56420484

Currently Loaded Modules:
  1) GCCcore/6.4.0
  2) binutils/2.28-GCCcore-6.4.0
  3) GCC/6.4.0-2.28
  4) openfst/1.6.6-GCC-6.4.0
  5) OpenBLAS/0.2.20-GCC-6.4.0-2.28
  6) CUDA/9.0.176
  7) CUB/1.8.0
  8) sctk/2.4.10
  9) sph2pipe/2.5
 10) kaldi-2020/5968b4c-GCC-6.4.0-2.28-OPENBLAS

 

exp/chain/tdnn7q_sp_vcxvecs_lda200_vad/decode_eval_word_fullvocab
steps/oracle_wer.sh exp/nnet3/xvectors_eval_hires_voxceleb_vad/feat_dump_lda200_vad data/lang_test_word_fullvocab exp/chain/tdnn7q_sp_vcxvecs_lda200_vad/decode_eval_word_fullvocab
steps/oracle_wer.sh: measuring lattice depth
Depth is: 48.30 ( 4241266 / 87819 )
steps/oracle_wer.sh: measuring lattice oracle WER
Oracle WER is: 11.03% [ 712 / 6454, 34 insertions, 182 deletions, 496 substitutions ]
