Experiment: am/converse_fin
Job ID: 56420379
Task ID: 
Host: csl47.int.triton.aalto.fi
Start date: Tue Nov 10 10:51:34 EET 2020
Work directory: /scratch/work/moisioa3/conv_lm/experiments/am/converse_fin
Temporary directory: /tmp/56420379

Currently Loaded Modules:
  1) GCCcore/6.4.0
  2) binutils/2.28-GCCcore-6.4.0
  3) GCC/6.4.0-2.28
  4) openfst/1.6.6-GCC-6.4.0
  5) OpenBLAS/0.2.20-GCC-6.4.0-2.28
  6) CUDA/9.0.176
  7) CUB/1.8.0
  8) sctk/2.4.10
  9) sph2pipe/2.5
 10) kaldi-2020/5968b4c-GCC-6.4.0-2.28-OPENBLAS

 

exp/chain/tdnn7q_sp_vcxvecs_lda200_vad/decode__eval_word_fullvocab
steps/oracle_wer.sh data/eval_hires_voxceleb_xvec data/lang_test_word_fullvocab exp/chain/tdnn7q_sp_vcxvecs_lda200_vad/decode_eval_word_fullvocab
steps/oracle_wer.sh: measuring lattice depth
Depth is: 48.30 ( 4241266 / 87819 )
steps/oracle_wer.sh: measuring lattice oracle WER
Oracle WER is: 11.03% [ 712 / 6454, 34 insertions, 182 deletions, 496 substitutions ]
exp/chain/tdnn7q_sp_xvecs_lda200_vad/decode__eval_word_fullvocab
steps/oracle_wer.sh data/eval_hires_voxceleb_xvec data/lang_test_word_fullvocab exp/chain/tdnn7q_sp_xvecs_lda200_vad/decode_eval_word_fullvocab
steps/oracle_wer.sh: measuring lattice depth
Depth is: 54.27 ( 4766120 / 87819 )
steps/oracle_wer.sh: measuring lattice oracle WER
Oracle WER is: 11.39% [ 735 / 6454, 37 insertions, 207 deletions, 491 substitutions ]
