Experiment: am/converse_fin
Job ID: 56132380
Task ID: 
Host: csl46.int.triton.aalto.fi
Start date: Tue Oct 13 17:33:55 EEST 2020
Work directory: /scratch/work/moisioa3/conv_lm/experiments/am/converse_fin
Temporary directory: /tmp/56132380

Currently Loaded Modules:
  1) GCCcore/6.4.0
  2) binutils/2.28-GCCcore-6.4.0
  3) GCC/6.4.0-2.28
  4) openfst/1.6.6-GCC-6.4.0
  5) OpenBLAS/0.2.20-GCC-6.4.0-2.28
  6) CUDA/9.0.176
  7) CUB/1.8.0
  8) sctk/2.4.10
  9) sph2pipe/2.5
 10) kaldi-2020/5968b4c-GCC-6.4.0-2.28-OPENBLAS

 

steps/oracle_wer.sh data/devel_hires data/lang_test_morph_nosp exp/chain/tdnn7q_sp/decode_devel_morph_nosp
steps/oracle_wer.sh: measuring lattice depth
Depth is: 60.01 ( 14691468 / 244798 )
steps/oracle_wer.sh: measuring lattice oracle WER
Oracle WER is: 55.63% [ 9987 / 17953, 2271 insertions, 421 deletions, 7295 substitutions ]
