Experiment: am/converse_fin
Job ID: 56349828
Task ID: 
Host: csl48.int.triton.aalto.fi
Start date: Wed Nov  4 11:26:14 EET 2020
Work directory: /scratch/work/moisioa3/conv_lm/experiments/am/converse_fin
Temporary directory: /tmp/56349828

Currently Loaded Modules:
  1) GCCcore/6.4.0
  2) binutils/2.28-GCCcore-6.4.0
  3) GCC/6.4.0-2.28
  4) openfst/1.6.6-GCC-6.4.0
  5) OpenBLAS/0.2.20-GCC-6.4.0-2.28
  6) CUDA/9.0.176
  7) CUB/1.8.0
  8) sctk/2.4.10
  9) sph2pipe/2.5
 10) kaldi-2020/5968b4c-GCC-6.4.0-2.28-OPENBLAS

 

tree-info exp/chain/tdnn7q_sp_finetuned_xvecs_lr0.0002/tree 
tree-info exp/chain/tdnn7q_sp_finetuned_xvecs_lr0.0002/tree 
make-h-transducer --disambig-syms-out=exp/chain/tdnn7q_sp_finetuned_xvecs_lr0.0002/graph_word_fullvocab/disambig_tid.int --transition-scale=1.0 data/lang_test_word_fullvocab/tmp/ilabels_2_1 exp/chain/tdnn7q_sp_finetuned_xvecs_lr0.0002/tree exp/chain/tdnn7q_sp_finetuned_xvecs_lr0.0002/final.mdl 
fstrmsymbols exp/chain/tdnn7q_sp_finetuned_xvecs_lr0.0002/graph_word_fullvocab/disambig_tid.int 
fstdeterminizestar --use-log=true 
fstrmepslocal 
fstminimizeencoded 
fsttablecompose exp/chain/tdnn7q_sp_finetuned_xvecs_lr0.0002/graph_word_fullvocab/Ha.fst data/lang_test_word_fullvocab/tmp/CLG_2_1.fst 
fstisstochastic exp/chain/tdnn7q_sp_finetuned_xvecs_lr0.0002/graph_word_fullvocab/HCLGa.fst 
0.419998 -0.424212
HCLGa is not stochastic
add-self-loops --self-loop-scale=1.0 --reorder=true exp/chain/tdnn7q_sp_finetuned_xvecs_lr0.0002/final.mdl exp/chain/tdnn7q_sp_finetuned_xvecs_lr0.0002/graph_word_fullvocab/HCLGa.fst 
slurmstepd: error: *** JOB 56349828 ON csl48 CANCELLED AT 2020-11-04T13:31:39 DUE TO TIME LIMIT ***
