Experiment: am/converse_fin
Job ID: 56132123
Task ID: 
Host: csl46.int.triton.aalto.fi
Start date: Tue Oct 13 16:35:52 EEST 2020
Work directory: /scratch/work/moisioa3/conv_lm/experiments/am/converse_fin
Temporary directory: /tmp/56132123

Currently Loaded Modules:
  1) GCCcore/6.4.0
  2) binutils/2.28-GCCcore-6.4.0
  3) GCC/6.4.0-2.28
  4) openfst/1.6.6-GCC-6.4.0
  5) OpenBLAS/0.2.20-GCC-6.4.0-2.28
  6) CUDA/9.0.176
  7) CUB/1.8.0
  8) sctk/2.4.10
  9) sph2pipe/2.5
 10) kaldi-2020/5968b4c-GCC-6.4.0-2.28-OPENBLAS

 

local/score_oracle.sh data/devel_hires data/lang_chain exp/chain/tdnn7q_sp/decode_devel_word_fullvocab
utils/slurm.pl: 8 / 8 failed, log is in exp/chain/tdnn7q_sp/decode_devel_word_fullvocab_oracle/log/process.*.log
