Experiment: am/converse_fin
Job ID: 56420204
Task ID: 
Host: csl47.int.triton.aalto.fi
Start date: Tue Nov 10 10:39:09 EET 2020
Work directory: /scratch/work/moisioa3/conv_lm/experiments/am/converse_fin
Temporary directory: /tmp/56420204

Currently Loaded Modules:
  1) GCCcore/6.4.0
  2) binutils/2.28-GCCcore-6.4.0
  3) GCC/6.4.0-2.28
  4) openfst/1.6.6-GCC-6.4.0
  5) OpenBLAS/0.2.20-GCC-6.4.0-2.28
  6) CUDA/9.0.176
  7) CUB/1.8.0
  8) sctk/2.4.10
  9) sph2pipe/2.5
 10) kaldi-2020/5968b4c-GCC-6.4.0-2.28-OPENBLAS

 

exp/chain/tdnn7q_sp_finetuned_xvecs/decode__devel_word_fullvocab
steps/oracle_wer.sh data/devel_hires_voxceleb_xvec data/lang_test_word_fullvocab exp/chain/tdnn7q_sp_finetuned_xvecs/decode_devel_word_fullvocab
steps/oracle_wer.sh: measuring lattice depth
Depth is: 57.47 ( 14068971 / 244798 )
steps/oracle_wer.sh: measuring lattice oracle WER
Oracle WER is: 11.93% [ 2141 / 17953, 95 insertions, 719 deletions, 1327 substitutions ]
exp/chain/tdnn7q_sp_finetuned_xvecs/decode__eval_word_fullvocab
steps/oracle_wer.sh data/eval_hires_voxceleb_xvec data/lang_test_word_fullvocab exp/chain/tdnn7q_sp_finetuned_xvecs/decode_eval_word_fullvocab
steps/oracle_wer.sh: measuring lattice depth
Depth is: 48.91 ( 4295177 / 87819 )
steps/oracle_wer.sh: measuring lattice oracle WER
Oracle WER is: 11.17% [ 721 / 6454, 34 insertions, 181 deletions, 506 substitutions ]
exp/chain/tdnn7q_sp_finetuned_xvecs_2layers/decode__devel_word_fullvocab
steps/oracle_wer.sh data/devel_hires_voxceleb_xvec data/lang_test_word_fullvocab exp/chain/tdnn7q_sp_finetuned_xvecs_2layers/decode_devel_word_fullvocab
steps/oracle_wer.sh: measuring lattice depth
Depth is: 77.95 ( 19082866 / 244798 )
steps/oracle_wer.sh: measuring lattice oracle WER
Oracle WER is: 16.43% [ 2949 / 17953, 90 insertions, 1008 deletions, 1851 substitutions ]
exp/chain/tdnn7q_sp_finetuned_xvecs_2layers/decode__eval_word_fullvocab
steps/oracle_wer.sh data/eval_hires_voxceleb_xvec data/lang_test_word_fullvocab exp/chain/tdnn7q_sp_finetuned_xvecs_2layers/decode_eval_word_fullvocab
steps/oracle_wer.sh: measuring lattice depth
Depth is: 64.10 ( 5628844 / 87819 )
steps/oracle_wer.sh: measuring lattice oracle WER
Oracle WER is: 13.67% [ 882 / 6454, 27 insertions, 264 deletions, 591 substitutions ]
exp/chain/tdnn7q_sp_finetuned_xvecs_addhidden/decode__devel_word_fullvocab
steps/oracle_wer.sh data/devel_hires_voxceleb_xvec data/lang_test_word_fullvocab exp/chain/tdnn7q_sp_finetuned_xvecs_addhidden/decode_devel_word_fullvocab
steps/oracle_wer.sh: measuring lattice depth
Depth is: 59.87 ( 14656998 / 244798 )
steps/oracle_wer.sh: measuring lattice oracle WER
Oracle WER is: 12.10% [ 2173 / 17953, 99 insertions, 734 deletions, 1340 substitutions ]
exp/chain/tdnn7q_sp_finetuned_xvecs_addhidden/decode__eval_word_fullvocab
steps/oracle_wer.sh data/eval_hires_voxceleb_xvec data/lang_test_word_fullvocab exp/chain/tdnn7q_sp_finetuned_xvecs_addhidden/decode_eval_word_fullvocab
steps/oracle_wer.sh: measuring lattice depth
Depth is: 48.73 ( 4279573 / 87819 )
steps/oracle_wer.sh: measuring lattice oracle WER
Oracle WER is: 11.25% [ 726 / 6454, 36 insertions, 198 deletions, 492 substitutions ]
exp/chain/tdnn7q_sp_finetuned_xvecs_lr0.0002/decode__devel_word_fullvocab
steps/oracle_wer.sh data/devel_hires_voxceleb_xvec data/lang_test_word_fullvocab exp/chain/tdnn7q_sp_finetuned_xvecs_lr0.0002/decode_devel_word_fullvocab
steps/oracle_wer.sh: measuring lattice depth
Depth is: 60.69 ( 14857744 / 244798 )
steps/oracle_wer.sh: measuring lattice oracle WER
Oracle WER is: 11.94% [ 2144 / 17953, 104 insertions, 717 deletions, 1323 substitutions ]
exp/chain/tdnn7q_sp_finetuned_xvecs_lr0.0002/decode__eval_word_fullvocab
steps/oracle_wer.sh data/eval_hires_voxceleb_xvec data/lang_test_word_fullvocab exp/chain/tdnn7q_sp_finetuned_xvecs_lr0.0002/decode_eval_word_fullvocab
steps/oracle_wer.sh: measuring lattice depth
Depth is: 50.88 ( 4468239 / 87819 )
steps/oracle_wer.sh: measuring lattice oracle WER
Oracle WER is: 11.26% [ 727 / 6454, 37 insertions, 191 deletions, 499 substitutions ]
